{
  "stats": {
    "suites": 1,
    "tests": 1,
    "passes": 1,
    "pending": 0,
    "failures": 0,
    "start": "2020-09-20T21:19:45.096Z",
    "end": "2020-09-20T21:20:00.446Z",
    "duration": 15350,
    "testsRegistered": 1,
    "passPercent": 100,
    "pendingPercent": 0,
    "other": 0,
    "hasOther": false,
    "skipped": 0,
    "hasSkipped": false
  },
  "results": [
    {
      "uuid": "8f1268cb-7a94-442e-b550-89cfcb62acfc",
      "title": "",
      "fullFile": "cypress/integration/Test/amazon.js",
      "file": "cypress/integration/Test/amazon.js",
      "beforeHooks": [],
      "afterHooks": [],
      "tests": [],
      "suites": [
        {
          "uuid": "0c2c350b-71ee-48c3-bdc6-2f83c386fe1c",
          "title": "Visit Amazon",
          "fullFile": "",
          "file": "",
          "beforeHooks": [],
          "afterHooks": [],
          "tests": [
            {
              "title": "Verify Amazon",
              "fullTitle": "Visit Amazon Verify Amazon",
              "timedOut": null,
              "duration": 13161,
              "state": "passed",
              "speed": "slow",
              "pass": true,
              "fail": false,
              "pending": false,
              "context": null,
              "code": "cy.visit(\"https://www.amazon.com/\");\nconsole.log(\"Amazon\");\ncy.wait(10000);\ncy.url().should(\"contain\", \"amazon\");",
              "err": {},
              "uuid": "87bba6fb-4115-4a7e-bd88-b8481034ef18",
              "parentUUID": "0c2c350b-71ee-48c3-bdc6-2f83c386fe1c",
              "isHook": false,
              "skipped": false
            }
          ],
          "suites": [],
          "passes": [
            "87bba6fb-4115-4a7e-bd88-b8481034ef18"
          ],
          "failures": [],
          "pending": [],
          "skipped": [],
          "duration": 13161,
          "root": false,
          "rootEmpty": false,
          "_timeout": 2000
        }
      ],
      "passes": [],
      "failures": [],
      "pending": [],
      "skipped": [],
      "duration": 0,
      "root": true,
      "rootEmpty": true,
      "_timeout": 2000
    }
  ],
  "meta": {
    "mocha": {
      "version": "7.0.1"
    },
    "mochawesome": {
      "options": {
        "quiet": false,
        "reportFilename": "mochawesome",
        "saveHtml": false,
        "saveJson": true,
        "consoleReporter": "spec",
        "useInlineDiffs": false,
        "code": true
      },
      "version": "6.1.1"
    },
    "marge": {
      "options": {
        "overwrite": false,
        "html": false,
        "json": true
      },
      "version": "5.1.0"
    }
  }
}