{
  "stats": {
    "suites": 1,
    "tests": 0,
    "passes": 0,
    "pending": 0,
    "failures": 0,
    "start": "2020-09-20T21:20:01.442Z",
    "end": "2020-09-20T21:20:02.192Z",
    "duration": 750,
    "testsRegistered": 1,
    "passPercent": 0,
    "pendingPercent": 0,
    "other": 1,
    "hasOther": true,
    "skipped": 1,
    "hasSkipped": true
  },
  "results": [
    {
      "uuid": "a5bdbc16-07a8-41d3-a099-38ffd4eea0fd",
      "title": "",
      "fullFile": "cypress/integration/Test/facebook.js",
      "file": "cypress/integration/Test/facebook.js",
      "beforeHooks": [],
      "afterHooks": [],
      "tests": [],
      "suites": [
        {
          "uuid": "603ab744-59af-4aa5-84e8-92a716d3a7c8",
          "title": "Visit Facebook",
          "fullFile": "",
          "file": "",
          "beforeHooks": [],
          "afterHooks": [],
          "tests": [
            {
              "title": "Verify Facebook",
              "fullTitle": "Visit Facebook Verify Facebook",
              "timedOut": null,
              "duration": 697,
              "state": "failed",
              "speed": null,
              "pass": false,
              "fail": true,
              "pending": false,
              "context": null,
              "code": "cy.visit(\"https://www.facebook.com/\");\nconsole.log(\"facebook\");\ncy.wait(10000);\ncy.url().should(\"contain\", \"google\");",
              "err": {
                "message": "AssertionError: expected 1 to equal 0\n\nBecause this error occurred during a `before each` hook we are skipping all of the remaining tests.",
                "estack": "AssertionError: expected 1 to equal 0\n\nBecause this error occurred during a `before each` hook we are skipping all of the remaining tests.\n    at Context.eval (http://localhost:64014/__cypress/tests?p=cypress/integration/Test/facebook.js:6:13)",
                "diff": null
              },
              "uuid": "8ba9c99f-85ef-41ad-8b48-26b22a687ad8",
              "parentUUID": "603ab744-59af-4aa5-84e8-92a716d3a7c8",
              "isHook": false,
              "skipped": false
            }
          ],
          "suites": [],
          "passes": [],
          "failures": [
            "8ba9c99f-85ef-41ad-8b48-26b22a687ad8"
          ],
          "pending": [],
          "skipped": [],
          "duration": 697,
          "root": false,
          "rootEmpty": false,
          "_timeout": 2000
        }
      ],
      "passes": [],
      "failures": [],
      "pending": [],
      "skipped": [],
      "duration": 0,
      "root": true,
      "rootEmpty": true,
      "_timeout": 2000
    }
  ],
  "meta": {
    "mocha": {
      "version": "7.0.1"
    },
    "mochawesome": {
      "options": {
        "quiet": false,
        "reportFilename": "mochawesome",
        "saveHtml": false,
        "saveJson": true,
        "consoleReporter": "spec",
        "useInlineDiffs": false,
        "code": true
      },
      "version": "6.1.1"
    },
    "marge": {
      "options": {
        "overwrite": false,
        "html": false,
        "json": true
      },
      "version": "5.1.0"
    }
  }
}