{
  "stats": {
    "suites": 1,
    "tests": 1,
    "passes": 1,
    "pending": 0,
    "failures": 0,
    "start": "2020-09-20T17:18:20.425Z",
    "end": "2020-09-20T17:18:36.498Z",
    "duration": 16073,
    "testsRegistered": 1,
    "passPercent": 100,
    "pendingPercent": 0,
    "other": 0,
    "hasOther": false,
    "skipped": 0,
    "hasSkipped": false
  },
  "results": [
    {
      "uuid": "c969843f-2875-4ebf-bd52-72f0e65ecdf6",
      "title": "",
      "fullFile": "cypress/integration/Test/amazon.js",
      "file": "cypress/integration/Test/amazon.js",
      "beforeHooks": [],
      "afterHooks": [],
      "tests": [],
      "suites": [
        {
          "uuid": "26c17bdd-492e-4720-a801-e669f5419fa8",
          "title": "Visit Amazon",
          "fullFile": "",
          "file": "",
          "beforeHooks": [],
          "afterHooks": [],
          "tests": [
            {
              "title": "Verify Amazon",
              "fullTitle": "Visit Amazon Verify Amazon",
              "timedOut": null,
              "duration": 13729,
              "state": "passed",
              "speed": "slow",
              "pass": true,
              "fail": false,
              "pending": false,
              "context": null,
              "code": "cy.visit(\"https://www.amazon.com/\");\ncy.wait(10000);\ncy.url().should(\"contain\", \"amazon\");",
              "err": {},
              "uuid": "74f446bd-086d-4b96-becd-d3fb0d67d99a",
              "parentUUID": "26c17bdd-492e-4720-a801-e669f5419fa8",
              "isHook": false,
              "skipped": false
            }
          ],
          "suites": [],
          "passes": [
            "74f446bd-086d-4b96-becd-d3fb0d67d99a"
          ],
          "failures": [],
          "pending": [],
          "skipped": [],
          "duration": 13729,
          "root": false,
          "rootEmpty": false,
          "_timeout": 2000
        }
      ],
      "passes": [],
      "failures": [],
      "pending": [],
      "skipped": [],
      "duration": 0,
      "root": true,
      "rootEmpty": true,
      "_timeout": 2000
    }
  ],
  "meta": {
    "mocha": {
      "version": "7.0.1"
    },
    "mochawesome": {
      "options": {
        "quiet": false,
        "reportFilename": "mochawesome",
        "saveHtml": false,
        "saveJson": true,
        "consoleReporter": "spec",
        "useInlineDiffs": false,
        "code": true
      },
      "version": "6.1.1"
    },
    "marge": {
      "options": {
        "overwrite": false,
        "html": false,
        "json": true
      },
      "version": "5.1.0"
    }
  }
}