{
  "stats": {
    "suites": 1,
    "tests": 1,
    "passes": 1,
    "pending": 0,
    "failures": 0,
    "start": "2020-09-20T17:18:52.058Z",
    "end": "2020-09-20T17:19:05.529Z",
    "duration": 13471,
    "testsRegistered": 1,
    "passPercent": 100,
    "pendingPercent": 0,
    "other": 0,
    "hasOther": false,
    "skipped": 0,
    "hasSkipped": false
  },
  "results": [
    {
      "uuid": "362d8405-8e77-47ea-90cd-a26ce50c970b",
      "title": "",
      "fullFile": "cypress/integration/Test/google.js",
      "file": "cypress/integration/Test/google.js",
      "beforeHooks": [],
      "afterHooks": [],
      "tests": [],
      "suites": [
        {
          "uuid": "df0d2a75-c866-4730-90e5-5aa64765f4a4",
          "title": "Visit Google",
          "fullFile": "",
          "file": "",
          "beforeHooks": [],
          "afterHooks": [],
          "tests": [
            {
              "title": "Verify Google",
              "fullTitle": "Visit Google Verify Google",
              "timedOut": null,
              "duration": 11816,
              "state": "passed",
              "speed": "slow",
              "pass": true,
              "fail": false,
              "pending": false,
              "context": null,
              "code": "cy.visit(\"https://www.google.com/\");\ncy.wait(10000);\ncy.url().should(\"contain\", \"google\");",
              "err": {},
              "uuid": "68b18ff9-6a3b-4d48-b20d-c63cb76f1320",
              "parentUUID": "df0d2a75-c866-4730-90e5-5aa64765f4a4",
              "isHook": false,
              "skipped": false
            }
          ],
          "suites": [],
          "passes": [
            "68b18ff9-6a3b-4d48-b20d-c63cb76f1320"
          ],
          "failures": [],
          "pending": [],
          "skipped": [],
          "duration": 11816,
          "root": false,
          "rootEmpty": false,
          "_timeout": 2000
        }
      ],
      "passes": [],
      "failures": [],
      "pending": [],
      "skipped": [],
      "duration": 0,
      "root": true,
      "rootEmpty": true,
      "_timeout": 2000
    }
  ],
  "meta": {
    "mocha": {
      "version": "7.0.1"
    },
    "mochawesome": {
      "options": {
        "quiet": false,
        "reportFilename": "mochawesome",
        "saveHtml": false,
        "saveJson": true,
        "consoleReporter": "spec",
        "useInlineDiffs": false,
        "code": true
      },
      "version": "6.1.1"
    },
    "marge": {
      "options": {
        "overwrite": false,
        "html": false,
        "json": true
      },
      "version": "5.1.0"
    }
  }
}