{
  "stats": {
    "suites": 1,
    "tests": 1,
    "passes": 1,
    "pending": 0,
    "failures": 0,
    "start": "2020-09-30T05:34:14.556Z",
    "end": "2020-09-30T05:34:21.816Z",
    "duration": 7260,
    "testsRegistered": 1,
    "passPercent": 100,
    "pendingPercent": 0,
    "other": 0,
    "hasOther": false,
    "skipped": 0,
    "hasSkipped": false
  },
  "results": [
    {
      "uuid": "ec1743d8-8e6c-48ad-ac30-1fd2b3202a9e",
      "title": "",
      "fullFile": "cypress/integration/Test/google.js",
      "file": "cypress/integration/Test/google.js",
      "beforeHooks": [],
      "afterHooks": [],
      "tests": [],
      "suites": [
        {
          "uuid": "35efb833-84e8-45bd-aa52-0ff8eb91f454",
          "title": "Verify google",
          "fullFile": "",
          "file": "",
          "beforeHooks": [],
          "afterHooks": [],
          "tests": [
            {
              "title": "Verify URL of google",
              "fullTitle": "Verify google Verify URL of google",
              "timedOut": null,
              "duration": 4609,
              "state": "passed",
              "speed": "slow",
              "pass": true,
              "fail": false,
              "pending": false,
              "context": null,
              "code": "cy.visit(\"www.google.com\");\ncy.url().should(\"contain\", \"google\");",
              "err": {},
              "uuid": "29f24f4c-ca6d-4649-bd8c-6d9559e91809",
              "parentUUID": "35efb833-84e8-45bd-aa52-0ff8eb91f454",
              "isHook": false,
              "skipped": false
            }
          ],
          "suites": [],
          "passes": [
            "29f24f4c-ca6d-4649-bd8c-6d9559e91809"
          ],
          "failures": [],
          "pending": [],
          "skipped": [],
          "duration": 4609,
          "root": false,
          "rootEmpty": false,
          "_timeout": 2000
        }
      ],
      "passes": [],
      "failures": [],
      "pending": [],
      "skipped": [],
      "duration": 0,
      "root": true,
      "rootEmpty": true,
      "_timeout": 2000
    }
  ],
  "meta": {
    "mocha": {
      "version": "7.0.1"
    },
    "mochawesome": {
      "options": {
        "quiet": false,
        "reportFilename": "mochawesome",
        "saveHtml": false,
        "saveJson": true,
        "consoleReporter": "spec",
        "useInlineDiffs": false,
        "code": true
      },
      "version": "6.1.1"
    },
    "marge": {
      "options": {
        "overwrite": false,
        "html": false,
        "json": true
      },
      "version": "5.1.0"
    }
  }
}